Using pre-set license
Built from '2021.3/staging' branch; Version is '2021.3.0f1 (6eacc8284459) revision 7253192'; Using compiler version '192829333'; Build Type 'Release'
OS: 'Windows 10  (10.0.19043) 64bit Core' Language: 'en' Physical Memory: 16242 MB
BatchMode: 1, IsHumanControllingUs: 0, StartBugReporterOnCrash: 0, Is64bit: 1, IsPro: 1

COMMAND LINE ARGUMENTS:
E:\Internal\Dev\UnityHubLocations\2021.3.0f1\Editor\Unity.exe
-adb2
-batchMode
-noUpm
-name
AssetImportWorker2
-projectPath
D:/UserFiles/_UNITY5_EXTRA/Sandblox
-logFile
Logs/AssetImportWorker2.log
-srvPort
56116
Successfully changed project path to: D:/UserFiles/_UNITY5_EXTRA/Sandblox
D:/UserFiles/_UNITY5_EXTRA/Sandblox
[UnityMemory] Configuration Parameters - Can be set up in boot.config
    "memorysetup-bucket-allocator-granularity=16"
    "memorysetup-bucket-allocator-bucket-count=8"
    "memorysetup-bucket-allocator-block-size=33554432"
    "memorysetup-bucket-allocator-block-count=8"
    "memorysetup-main-allocator-block-size=16777216"
    "memorysetup-thread-allocator-block-size=16777216"
    "memorysetup-gfx-main-allocator-block-size=16777216"
    "memorysetup-gfx-thread-allocator-block-size=16777216"
    "memorysetup-cache-allocator-block-size=4194304"
    "memorysetup-typetree-allocator-block-size=2097152"
    "memorysetup-profiler-bucket-allocator-granularity=16"
    "memorysetup-profiler-bucket-allocator-bucket-count=8"
    "memorysetup-profiler-bucket-allocator-block-size=33554432"
    "memorysetup-profiler-bucket-allocator-block-count=8"
    "memorysetup-profiler-allocator-block-size=16777216"
    "memorysetup-profiler-editor-allocator-block-size=1048576"
    "memorysetup-temp-allocator-size-main=16777216"
    "memorysetup-job-temp-allocator-block-size=2097152"
    "memorysetup-job-temp-allocator-block-size-background=1048576"
    "memorysetup-job-temp-allocator-reduction-small-platforms=262144"
    "memorysetup-temp-allocator-size-background-worker=32768"
    "memorysetup-temp-allocator-size-job-worker=262144"
    "memorysetup-temp-allocator-size-preload-manager=33554432"
    "memorysetup-temp-allocator-size-nav-mesh-worker=65536"
    "memorysetup-temp-allocator-size-audio-worker=65536"
    "memorysetup-temp-allocator-size-cloud-worker=32768"
    "memorysetup-temp-allocator-size-gi-baking-worker=262144"
    "memorysetup-temp-allocator-size-gfx=262144"
Refreshing native plugins compatible for Editor in 68.48 ms, found 2 plugins.
Preloading 0 native plugins for Editor in 0.00 ms.
Initialize engine version: 2021.3.0f1 (6eacc8284459)
[Subsystems] Discovering subsystems at path E:/Internal/Dev/UnityHubLocations/2021.3.0f1/Editor/Data/Resources/UnitySubsystems
[Subsystems] Discovering subsystems at path D:/UserFiles/_UNITY5_EXTRA/Sandblox/Assets
GfxDevice: creating device client; threaded=0; jobified=0
Direct3D:
    Version:  Direct3D 11.0 [level 11.1]
    Renderer: NVIDIA GeForce RTX 3060 Ti (ID=0x2489)
    Vendor:   NVIDIA
    VRAM:     8050 MB
    Driver:   30.0.15.1295
Initialize mono
Mono path[0] = 'E:/Internal/Dev/UnityHubLocations/2021.3.0f1/Editor/Data/Managed'
Mono path[1] = 'E:/Internal/Dev/UnityHubLocations/2021.3.0f1/Editor/Data/MonoBleedingEdge/lib/mono/unityjit-win32'
Mono config path = 'E:/Internal/Dev/UnityHubLocations/2021.3.0f1/Editor/Data/MonoBleedingEdge/etc'
Using monoOptions --debugger-agent=transport=dt_socket,embedding=1,server=y,suspend=n,address=127.0.0.1:56228
Begin MonoManager ReloadAssembly
Registering precompiled unity dll's ...
Register platform support module: E:/Internal/Dev/UnityHubLocations/2021.3.0f1/Editor/Data/PlaybackEngines/WebGLSupport/UnityEditor.WebGL.Extensions.dll
Register platform support module: E:/Internal/Dev/UnityHubLocations/2021.3.0f1/Editor/Data/PlaybackEngines/MacStandaloneSupport/UnityEditor.OSXStandalone.Extensions.dll
Register platform support module: E:/Internal/Dev/UnityHubLocations/2021.3.0f1/Editor/Data/PlaybackEngines/AndroidPlayer/UnityEditor.Android.Extensions.dll
Register platform support module: E:/Internal/Dev/UnityHubLocations/2021.3.0f1/Editor/Data/PlaybackEngines/WindowsStandaloneSupport/UnityEditor.WindowsStandalone.Extensions.dll
Register platform support module: E:/Internal/Dev/UnityHubLocations/2021.3.0f1/Editor/Data/PlaybackEngines/LinuxStandaloneSupport/UnityEditor.LinuxStandalone.Extensions.dll
Registered in 0.003666 seconds.
Native extension for LinuxStandalone target not found
Native extension for WindowsStandalone target not found
Native extension for Android target not found
Native extension for OSXStandalone target not found
Native extension for WebGL target not found
Refreshing native plugins compatible for Editor in 69.57 ms, found 2 plugins.
Preloading 0 native plugins for Editor in 0.00 ms.
Mono: successfully reloaded assembly
- Completed reload, in  0.587 seconds
Domain Reload Profiling:
	ReloadAssembly (588ms)
		BeginReloadAssembly (60ms)
			ExecutionOrderSort (0ms)
			DisableScriptedObjects (0ms)
			BackupInstance (0ms)
			ReleaseScriptingObjects (0ms)
			CreateAndSetChildDomain (1ms)
		EndReloadAssembly (430ms)
			LoadAssemblies (60ms)
			RebuildTransferFunctionScriptingTraits (0ms)
			SetupTypeCache (91ms)
			ReleaseScriptCaches (0ms)
			RebuildScriptCaches (27ms)
			SetupLoadedEditorAssemblies (271ms)
				LogAssemblyErrors (0ms)
				InitializePlatformSupportModulesInManaged (43ms)
				SetLoadedEditorAssemblies (0ms)
				RefreshPlugins (70ms)
				BeforeProcessingInitializeOnLoad (1ms)
				ProcessInitializeOnLoadAttributes (104ms)
				ProcessInitializeOnLoadMethodAttributes (53ms)
				AfterProcessingInitializeOnLoad (0ms)
				EditorAssembliesLoaded (0ms)
			ExecutionOrderSort2 (0ms)
			AwakeInstancesAfterBackupRestoration (0ms)
Platform modules already initialized, skipping
Registering precompiled user dll's ...
Registered in 0.001856 seconds.
Begin MonoManager ReloadAssembly
Symbol file LoadedFromMemory is not a mono symbol file
Native extension for LinuxStandalone target not found
Native extension for WindowsStandalone target not found
Native extension for Android target not found
Native extension for OSXStandalone target not found
Native extension for WebGL target not found
Refreshing native plugins compatible for Editor in 66.01 ms, found 2 plugins.
Preloading 0 native plugins for Editor in 0.00 ms.
Mono: successfully reloaded assembly
- Completed reload, in  1.198 seconds
Domain Reload Profiling:
	ReloadAssembly (1198ms)
		BeginReloadAssembly (106ms)
			ExecutionOrderSort (0ms)
			DisableScriptedObjects (4ms)
			BackupInstance (0ms)
			ReleaseScriptingObjects (0ms)
			CreateAndSetChildDomain (22ms)
		EndReloadAssembly (1008ms)
			LoadAssemblies (83ms)
			RebuildTransferFunctionScriptingTraits (0ms)
			SetupTypeCache (237ms)
			ReleaseScriptCaches (0ms)
			RebuildScriptCaches (61ms)
			SetupLoadedEditorAssemblies (579ms)
				LogAssemblyErrors (0ms)
				InitializePlatformSupportModulesInManaged (21ms)
				SetLoadedEditorAssemblies (0ms)
				RefreshPlugins (66ms)
				BeforeProcessingInitializeOnLoad (73ms)
				ProcessInitializeOnLoadAttributes (295ms)
				ProcessInitializeOnLoadMethodAttributes (120ms)
				AfterProcessingInitializeOnLoad (4ms)
				EditorAssembliesLoaded (0ms)
			ExecutionOrderSort2 (0ms)
			AwakeInstancesAfterBackupRestoration (7ms)
Platform modules already initialized, skipping
========================================================================
Worker process is ready to serve import requests
Launched and connected shader compiler UnityShaderCompiler.exe after 0.07 seconds
Refreshing native plugins compatible for Editor in 1.26 ms, found 2 plugins.
Preloading 0 native plugins for Editor in 0.00 ms.
Unloading 4663 Unused Serialized files (Serialized files now loaded: 0)
Unloading 29 unused Assets / (477.9 KB). Loaded Objects now: 5138.
Memory consumption went from 206.4 MB to 205.9 MB.
Total: 7.647500 ms (FindLiveObjects: 0.773300 ms CreateObjectMapping: 0.524200 ms MarkObjects: 6.003600 ms  DeleteObjects: 0.343300 ms)

AssetImportParameters requested are different than current active one (requested -> active):
  custom:video-decoder-ogg-theora: a1e56fd34408186e4bbccfd4996cb3dc -> 
  custom:container-muxer-webm: aa71ff27fc2769a1b78a27578f13a17b -> 
  custom:container-demuxer-webm: 4f35f7cbe854078d1ac9338744f61a02 -> 
  custom:video-encoder-webm-vp8: eb34c28f22e8b96e1ab97ce403110664 -> 
  custom:audio-encoder-webm-vorbis: bf7c407c2cedff20999df2af8eb42d56 -> 
  custom:framework-win-MediaFoundation: 216162199b28c13a410421893ffa2e32 -> 
  custom:container-demuxer-ogg: 62fdf1f143b41e24485cea50d1cbac27 -> 
  custom:video-decoder-webm-vp8: 9c59270c3fd7afecdb556c50c9e8de78 -> 
  custom:audio-decoder-ogg-vorbis: bf7c407c2cedff20999df2af8eb42d56 -> 
========================================================================
Received Import Request.
  Time since last request: 90770.610162 seconds.
  path: Assets/Samples/Universal RP/12.1.6/URP Package Samples/Shaders/Lit/Materials/WithHeightMap.mat
  artifactKey: Guid(673fd4308d68a4e6eb452d59b21ff3d4) Importer(815301076,1909f56bfc062723c751e8b465ee728b)
Start importing Assets/Samples/Universal RP/12.1.6/URP Package Samples/Shaders/Lit/Materials/WithHeightMap.mat using Guid(673fd4308d68a4e6eb452d59b21ff3d4) Importer(815301076,1909f56bfc062723c751e8b465ee728b)  -> (artifact id: '44b004bd50c5f6519a21539e5abb4432') in 2.679203 seconds 
========================================================================
Received Import Request.
  Time since last request: 0.000026 seconds.
  path: Assets/GAME/Exports/New Material.mat
  artifactKey: Guid(8db54e951b929ee48b77badc4834d68b) Importer(815301076,1909f56bfc062723c751e8b465ee728b)
Start importing Assets/GAME/Exports/New Material.mat using Guid(8db54e951b929ee48b77badc4834d68b) Importer(815301076,1909f56bfc062723c751e8b465ee728b)  -> (artifact id: '9ab5264c2cfa44a021bff6a066ae108b') in 0.010038 seconds 
========================================================================
Received Import Request.
  Time since last request: 0.000043 seconds.
  path: Assets/GAME/Exports/Player/SBRig.fbx
  artifactKey: Guid(6a20524c9f7823f49943bdff62445d66) Importer(815301076,1909f56bfc062723c751e8b465ee728b)
Start importing Assets/GAME/Exports/Player/SBRig.fbx using Guid(6a20524c9f7823f49943bdff62445d66) Importer(815301076,1909f56bfc062723c751e8b465ee728b)  -> (artifact id: 'ccfd3db5215ac81add0f3306ba6b5468') in 0.206310 seconds 
========================================================================
Received Import Request.
  Time since last request: 0.000035 seconds.
  path: Assets/Samples/Universal RP/12.1.6/URP Package Samples/Shaders/Lit/Materials/WithoutNormalMap.mat
  artifactKey: Guid(92b3aa099ecb9483381c91aba9894aad) Importer(815301076,1909f56bfc062723c751e8b465ee728b)
Start importing Assets/Samples/Universal RP/12.1.6/URP Package Samples/Shaders/Lit/Materials/WithoutNormalMap.mat using Guid(92b3aa099ecb9483381c91aba9894aad) Importer(815301076,1909f56bfc062723c751e8b465ee728b)  -> (artifact id: '31da63dc194f89c989d61a30cafa0d62') in 0.017830 seconds 
========================================================================
Received Import Request.
  Time since last request: 0.000035 seconds.
  path: Assets/Samples/Universal RP/12.1.6/URP Package Samples/Shaders/Lit/Materials/NormalMapOn.mat
  artifactKey: Guid(3e1368ee81423418da8a693099ce68c0) Importer(815301076,1909f56bfc062723c751e8b465ee728b)
Start importing Assets/Samples/Universal RP/12.1.6/URP Package Samples/Shaders/Lit/Materials/NormalMapOn.mat using Guid(3e1368ee81423418da8a693099ce68c0) Importer(815301076,1909f56bfc062723c751e8b465ee728b)  -> (artifact id: '6c538fdd72f72fbc809b81411b81c435') in 1.924351 seconds 
========================================================================
Received Import Request.
  Time since last request: 10.695028 seconds.
  path: Assets/Samples/Universal RP/12.1.6/URP Package Samples/Decals/ProxyLighting/Materials/Wall.mat
  artifactKey: Guid(f622d9df69e884985ba3161ab570c33c) Importer(815301076,1909f56bfc062723c751e8b465ee728b)
Start importing Assets/Samples/Universal RP/12.1.6/URP Package Samples/Decals/ProxyLighting/Materials/Wall.mat using Guid(f622d9df69e884985ba3161ab570c33c) Importer(815301076,1909f56bfc062723c751e8b465ee728b)  -> (artifact id: '83380425558652cb7ee5d3cf7b35f0a9') in 0.034647 seconds 
========================================================================
Received Import Request.
  Time since last request: 0.466628 seconds.
  path: Assets/Samples/Universal RP/12.1.6/URP Package Samples/SharedAssets/Materials/Yellow.mat
  artifactKey: Guid(df6219926368041ac926da7e3dbc92c7) Importer(815301076,1909f56bfc062723c751e8b465ee728b)
Start importing Assets/Samples/Universal RP/12.1.6/URP Package Samples/SharedAssets/Materials/Yellow.mat using Guid(df6219926368041ac926da7e3dbc92c7) Importer(815301076,1909f56bfc062723c751e8b465ee728b)  -> (artifact id: 'c8a39bff2c3c776b4b12d991a1243423') in 0.020073 seconds 
========================================================================
Received Prepare
Registering precompiled user dll's ...
Registered in 0.002584 seconds.
Begin MonoManager ReloadAssembly
Symbol file LoadedFromMemory is not a mono symbol file
Native extension for LinuxStandalone target not found
Native extension for WindowsStandalone target not found
Native extension for Android target not found
Native extension for OSXStandalone target not found
Native extension for WebGL target not found
Refreshing native plugins compatible for Editor in 0.69 ms, found 2 plugins.
Preloading 0 native plugins for Editor in 0.00 ms.
Mono: successfully reloaded assembly
- Completed reload, in  1.033 seconds
Domain Reload Profiling:
	ReloadAssembly (1034ms)
		BeginReloadAssembly (119ms)
			ExecutionOrderSort (0ms)
			DisableScriptedObjects (7ms)
			BackupInstance (0ms)
			ReleaseScriptingObjects (0ms)
			CreateAndSetChildDomain (35ms)
		EndReloadAssembly (840ms)
			LoadAssemblies (75ms)
			RebuildTransferFunctionScriptingTraits (0ms)
			SetupTypeCache (214ms)
			ReleaseScriptCaches (3ms)
			RebuildScriptCaches (58ms)
			SetupLoadedEditorAssemblies (427ms)
				LogAssemblyErrors (0ms)
				InitializePlatformSupportModulesInManaged (21ms)
				SetLoadedEditorAssemblies (0ms)
				RefreshPlugins (1ms)
				BeforeProcessingInitializeOnLoad (80ms)
				ProcessInitializeOnLoadAttributes (252ms)
				ProcessInitializeOnLoadMethodAttributes (69ms)
				AfterProcessingInitializeOnLoad (3ms)
				EditorAssembliesLoaded (0ms)
			ExecutionOrderSort2 (0ms)
			AwakeInstancesAfterBackupRestoration (20ms)
Platform modules already initialized, skipping
Refreshing native plugins compatible for Editor in 1.06 ms, found 2 plugins.
Preloading 0 native plugins for Editor in 0.00 ms.
Unloading 4507 Unused Serialized files (Serialized files now loaded: 0)
Unloading 20 unused Assets / (439.2 KB). Loaded Objects now: 5234.
Memory consumption went from 218.8 MB to 218.4 MB.
Total: 2.675800 ms (FindLiveObjects: 0.224900 ms CreateObjectMapping: 0.143700 ms MarkObjects: 2.172200 ms  DeleteObjects: 0.134200 ms)

AssetImportParameters requested are different than current active one (requested -> active):
  custom:video-decoder-ogg-theora: a1e56fd34408186e4bbccfd4996cb3dc -> 
  custom:container-muxer-webm: aa71ff27fc2769a1b78a27578f13a17b -> 
  custom:container-demuxer-webm: 4f35f7cbe854078d1ac9338744f61a02 -> 
  custom:video-encoder-webm-vp8: eb34c28f22e8b96e1ab97ce403110664 -> 
  custom:audio-encoder-webm-vorbis: bf7c407c2cedff20999df2af8eb42d56 -> 
  custom:framework-win-MediaFoundation: 216162199b28c13a410421893ffa2e32 -> 
  custom:container-demuxer-ogg: 62fdf1f143b41e24485cea50d1cbac27 -> 
  custom:video-decoder-webm-vp8: 9c59270c3fd7afecdb556c50c9e8de78 -> 
  custom:audio-decoder-ogg-vorbis: bf7c407c2cedff20999df2af8eb42d56 -> 
========================================================================
Received Import Request.
  Time since last request: 130.896100 seconds.
  path: Assets/GAME/Scenes/TestingScene/ReflectionProbe-0.exr
  artifactKey: Guid(dd5575ecb3a9f254390129d9e0aeab0a) Importer(815301076,1909f56bfc062723c751e8b465ee728b)
Start importing Assets/GAME/Scenes/TestingScene/ReflectionProbe-0.exr using Guid(dd5575ecb3a9f254390129d9e0aeab0a) Importer(815301076,1909f56bfc062723c751e8b465ee728b)  -> (artifact id: 'f163863652982f0216ce80963d54b0ac') in 0.068020 seconds 
========================================================================
Received Import Request.
  Time since last request: 1.037295 seconds.
  path: Assets/Samples/Universal RP/12.1.6/URP Package Samples/Shaders/Lit/Lit/ReflectionProbe-0.exr
  artifactKey: Guid(5bfc32a369b8e435abc4d4def24dbfd0) Importer(815301076,1909f56bfc062723c751e8b465ee728b)
Start importing Assets/Samples/Universal RP/12.1.6/URP Package Samples/Shaders/Lit/Lit/ReflectionProbe-0.exr using Guid(5bfc32a369b8e435abc4d4def24dbfd0) Importer(815301076,1909f56bfc062723c751e8b465ee728b)  -> (artifact id: '0d44bb4f4981ead669c866d36bf49482') in 0.027735 seconds 
========================================================================
Received Import Request.
  Time since last request: 0.000017 seconds.
  path: Assets/Samples/Universal RP/12.1.6/URP Package Samples/LensFlares/SunFlare/ReflectionProbe-0.exr
  artifactKey: Guid(54ca78d65de474c088273fe70c07c5a9) Importer(815301076,1909f56bfc062723c751e8b465ee728b)
Start importing Assets/Samples/Universal RP/12.1.6/URP Package Samples/LensFlares/SunFlare/ReflectionProbe-0.exr using Guid(54ca78d65de474c088273fe70c07c5a9) Importer(815301076,1909f56bfc062723c751e8b465ee728b)  -> (artifact id: '3d612affb792c2d00bec4001bd6d4dad') in 0.040819 seconds 
========================================================================
Received Import Request.
  Time since last request: 0.000022 seconds.
  path: Assets/Samples/Universal RP/12.1.6/URP Package Samples/LensFlares/Textures/Shimmer.png
  artifactKey: Guid(fc0e248a658684c3e8fe68d5931552b9) Importer(815301076,1909f56bfc062723c751e8b465ee728b)
Start importing Assets/Samples/Universal RP/12.1.6/URP Package Samples/LensFlares/Textures/Shimmer.png using Guid(fc0e248a658684c3e8fe68d5931552b9) Importer(815301076,1909f56bfc062723c751e8b465ee728b)  -> (artifact id: '989f3aa7a56baf72bb59fe6682e4781a') in 0.025796 seconds 
========================================================================
Received Import Request.
  Time since last request: 0.000042 seconds.
  path: Assets/GAME/Exports/Player/Skin.png
  artifactKey: Guid(e42a1fc7b7e8bb74f85e8ab1929a9ad9) Importer(815301076,1909f56bfc062723c751e8b465ee728b)
Start importing Assets/GAME/Exports/Player/Skin.png using Guid(e42a1fc7b7e8bb74f85e8ab1929a9ad9) Importer(815301076,1909f56bfc062723c751e8b465ee728b)  -> (artifact id: '7ae4141ef732c800a6c86f3f83fbd683') in 0.011956 seconds 
========================================================================
Received Import Request.
  Time since last request: 0.000032 seconds.
  path: Assets/Samples/Universal RP/12.1.6/URP Package Samples/LensFlares/Textures/Ring.png
  artifactKey: Guid(9a7c7749fe7e54cb8824cba351ceffe0) Importer(815301076,1909f56bfc062723c751e8b465ee728b)
Start importing Assets/Samples/Universal RP/12.1.6/URP Package Samples/LensFlares/Textures/Ring.png using Guid(9a7c7749fe7e54cb8824cba351ceffe0) Importer(815301076,1909f56bfc062723c751e8b465ee728b)  -> (artifact id: '41595690c93ba882040c73fe9cf635bd') in 0.015258 seconds 
========================================================================
Received Import Request.
  Time since last request: 0.000027 seconds.
  path: Assets/Samples/Universal RP/12.1.6/URP Package Samples/CameraStacking/MixedFOV/MixedFOV/ReflectionProbe-0.exr
  artifactKey: Guid(14b55fb54511d449590af36005b75716) Importer(815301076,1909f56bfc062723c751e8b465ee728b)
Start importing Assets/Samples/Universal RP/12.1.6/URP Package Samples/CameraStacking/MixedFOV/MixedFOV/ReflectionProbe-0.exr using Guid(14b55fb54511d449590af36005b75716) Importer(815301076,1909f56bfc062723c751e8b465ee728b)  -> (artifact id: '305f765126627c4cf1c6f0890492a908') in 0.037026 seconds 
========================================================================
Received Import Request.
  Time since last request: 0.164186 seconds.
  path: Assets/GAME/Exports/Player/Skin-S.png
  artifactKey: Guid(84f7c422f27c9b04da2a352d88ee8c6d) Importer(815301076,1909f56bfc062723c751e8b465ee728b)
Start importing Assets/GAME/Exports/Player/Skin-S.png using Guid(84f7c422f27c9b04da2a352d88ee8c6d) Importer(815301076,1909f56bfc062723c751e8b465ee728b)  -> (artifact id: '7b7dc566a2844154b034fa38f6300048') in 0.006646 seconds 
========================================================================
Received Import Request.
  Time since last request: 0.020467 seconds.
  path: Assets/GAME/Materials/UIHotbarSelect.png
  artifactKey: Guid(e70966a6324d9e143b88f6af866cd366) Importer(815301076,1909f56bfc062723c751e8b465ee728b)
Start importing Assets/GAME/Materials/UIHotbarSelect.png using Guid(e70966a6324d9e143b88f6af866cd366) Importer(815301076,1909f56bfc062723c751e8b465ee728b)  -> (artifact id: '34298e0502e761e19e4b3a63b65252eb') in 0.016501 seconds 
========================================================================
Received Prepare
Registering precompiled user dll's ...
Registered in 0.001496 seconds.
Begin MonoManager ReloadAssembly
Symbol file LoadedFromMemory is not a mono symbol file
Native extension for LinuxStandalone target not found
Native extension for WindowsStandalone target not found
Native extension for Android target not found
Native extension for OSXStandalone target not found
Native extension for WebGL target not found
Refreshing native plugins compatible for Editor in 0.89 ms, found 2 plugins.
Preloading 0 native plugins for Editor in 0.00 ms.
Mono: successfully reloaded assembly
- Completed reload, in  1.033 seconds
Domain Reload Profiling:
	ReloadAssembly (1034ms)
		BeginReloadAssembly (108ms)
			ExecutionOrderSort (0ms)
			DisableScriptedObjects (4ms)
			BackupInstance (0ms)
			ReleaseScriptingObjects (0ms)
			CreateAndSetChildDomain (31ms)
		EndReloadAssembly (857ms)
			LoadAssemblies (85ms)
			RebuildTransferFunctionScriptingTraits (0ms)
			SetupTypeCache (216ms)
			ReleaseScriptCaches (2ms)
			RebuildScriptCaches (56ms)
			SetupLoadedEditorAssemblies (438ms)
				LogAssemblyErrors (0ms)
				InitializePlatformSupportModulesInManaged (27ms)
				SetLoadedEditorAssemblies (1ms)
				RefreshPlugins (1ms)
				BeforeProcessingInitializeOnLoad (81ms)
				ProcessInitializeOnLoadAttributes (249ms)
				ProcessInitializeOnLoadMethodAttributes (77ms)
				AfterProcessingInitializeOnLoad (2ms)
				EditorAssembliesLoaded (0ms)
			ExecutionOrderSort2 (0ms)
			AwakeInstancesAfterBackupRestoration (18ms)
Platform modules already initialized, skipping
Refreshing native plugins compatible for Editor in 1.21 ms, found 2 plugins.
Preloading 0 native plugins for Editor in 0.00 ms.
Unloading 4507 Unused Serialized files (Serialized files now loaded: 0)
Unloading 20 unused Assets / (447.1 KB). Loaded Objects now: 5244.
Memory consumption went from 218.9 MB to 218.4 MB.
Total: 3.140900 ms (FindLiveObjects: 0.351500 ms CreateObjectMapping: 0.170600 ms MarkObjects: 2.442300 ms  DeleteObjects: 0.175300 ms)

AssetImportParameters requested are different than current active one (requested -> active):
  custom:video-decoder-ogg-theora: a1e56fd34408186e4bbccfd4996cb3dc -> 
  custom:container-muxer-webm: aa71ff27fc2769a1b78a27578f13a17b -> 
  custom:container-demuxer-webm: 4f35f7cbe854078d1ac9338744f61a02 -> 
  custom:video-encoder-webm-vp8: eb34c28f22e8b96e1ab97ce403110664 -> 
  custom:audio-encoder-webm-vorbis: bf7c407c2cedff20999df2af8eb42d56 -> 
  custom:framework-win-MediaFoundation: 216162199b28c13a410421893ffa2e32 -> 
  custom:container-demuxer-ogg: 62fdf1f143b41e24485cea50d1cbac27 -> 
  custom:video-decoder-webm-vp8: 9c59270c3fd7afecdb556c50c9e8de78 -> 
  custom:audio-decoder-ogg-vorbis: bf7c407c2cedff20999df2af8eb42d56 -> 
Editor requested this worker to shutdown with reason: Scaling down because of idle timeout
AssetImportWorker is now disconnected from the server
Process exiting
Exiting without the bug reporter. Application will terminate with return code 0